<?xml version="1.0" encoding="UTF-8"?>
<!-- Generated by org.testng.reporters.JUnitReportReporter -->
<testsuite hostname="DESKTOP-I9UED8G" failures="0" tests="1" name="com.seleniumModule.THREE.AssignmentTest1" time="0.025" errors="0" timestamp="2023-03-11T14:24:02 IST" skipped="0">
  <testcase classname="com.seleniumModule.THREE.AssignmentTest1" name="validateTitle" time="0.025"/>
  <system-out/>
</testsuite> <!-- com.seleniumModule.THREE.AssignmentTest1 -->
